# JRE version: Java(TM) SE Runtime Environment 18.9 (11.0.9+7) (build 11.0.9+7-LTS)
# Java VM: Java HotSpot(TM) 64-Bit Server VM 18.9 (11.0.9+7-LTS, mixed mode, tiered, compressed oops, g1 gc, windows-amd64)
Heap:
 garbage-first heap   total 262144K, used 146169K [0x0000000701400000, 0x0000000800000000)
  region size 1024K, 96 young (98304K), 8 survivors (8192K)
 Metaspace       used 83097K, capacity 86529K, committed 86608K, reserved 1124352K
  class space    used 10130K, capacity 11397K, committed 11448K, reserved 1048576K
GC Heap History (10 events):
Event: 1227.775 GC heap before
{Heap before GC invocations=19 (full 0):
 garbage-first heap   total 262144K, used 200546K [0x0000000701400000, 0x0000000800000000)
  region size 1024K, 153 young (156672K), 11 survivors (11264K)
 Metaspace       used 82637K, capacity 85912K, committed 85968K, reserved 1124352K
  class space    used 10064K, capacity 11284K, committed 11320K, reserved 1048576K
}
Event: 1227.783 GC heap after
{Heap after GC invocations=20 (full 0):
 garbage-first heap   total 262144K, used 56246K [0x0000000701400000, 0x0000000800000000)
  region size 1024K, 11 young (11264K), 11 survivors (11264K)
 Metaspace       used 82637K, capacity 85912K, committed 85968K, reserved 1124352K
  class space    used 10064K, capacity 11284K, committed 11320K, reserved 1048576K
}
Event: 1596.874 GC heap before
{Heap before GC invocations=20 (full 0):
 garbage-first heap   total 262144K, used 200630K [0x0000000701400000, 0x0000000800000000)
  region size 1024K, 153 young (156672K), 11 survivors (11264K)
 Metaspace       used 83065K, capacity 86481K, committed 86608K, reserved 1124352K
  class space    used 10122K, capacity 11383K, committed 11448K, reserved 1048576K
}
Event: 1596.902 GC heap after
{Heap after GC invocations=21 (full 0):
 garbage-first heap   total 262144K, used 56865K [0x0000000701400000, 0x0000000800000000)
  region size 1024K, 12 young (12288K), 12 survivors (12288K)
 Metaspace       used 83065K, capacity 86481K, committed 86608K, reserved 1124352K
  class space    used 10122K, capacity 11383K, committed 11448K, reserved 1048576K
}
Event: 2074.552 GC heap before
{Heap before GC invocations=21 (full 0):
 garbage-first heap   total 262144K, used 200225K [0x0000000701400000, 0x0000000800000000)
  region size 1024K, 153 young (156672K), 12 survivors (12288K)
 Metaspace       used 83097K, capacity 86529K, committed 86608K, reserved 1124352K
  class space    used 10130K, capacity 11397K, committed 11448K, reserved 1048576K
}
Event: 2074.586 GC heap after
{Heap after GC invocations=22 (full 0):
 garbage-first heap   total 262144K, used 56970K [0x0000000701400000, 0x0000000800000000)
  region size 1024K, 8 young (8192K), 8 survivors (8192K)
 Metaspace       used 83097K, capacity 86529K, committed 86608K, reserved 1124352K
  class space    used 10130K, capacity 11397K, committed 11448K, reserved 1048576K
}
Event: 2590.901 GC heap before
{Heap before GC invocations=22 (full 0):
 garbage-first heap   total 262144K, used 204426K [0x0000000701400000, 0x0000000800000000)
  region size 1024K, 153 young (156672K), 8 survivors (8192K)
 Metaspace       used 83097K, capacity 86529K, committed 86608K, reserved 1124352K
  class space    used 10130K, capacity 11397K, committed 11448K, reserved 1048576K
}
Event: 2590.917 GC heap after
{Heap after GC invocations=23 (full 0):
 garbage-first heap   total 262144K, used 57111K [0x0000000701400000, 0x0000000800000000)
  region size 1024K, 8 young (8192K), 8 survivors (8192K)
 Metaspace       used 83097K, capacity 86529K, committed 86608K, reserved 1124352K
  class space    used 10130K, capacity 11397K, committed 11448K, reserved 1048576K
}
Event: 3106.559 GC heap before
{Heap before GC invocations=23 (full 0):
 garbage-first heap   total 262144K, used 204567K [0x0000000701400000, 0x0000000800000000)
  region size 1024K, 153 young (156672K), 8 survivors (8192K)
 Metaspace       used 83097K, capacity 86529K, committed 86608K, reserved 1124352K
  class space    used 10130K, capacity 11397K, committed 11448K, reserved 1048576K
}
Event: 3106.570 GC heap after
{Heap after GC invocations=24 (full 0):
 garbage-first heap   total 262144K, used 57081K [0x0000000701400000, 0x0000000800000000)
  region size 1024K, 8 young (8192K), 8 survivors (8192K)
 Metaspace       used 83097K, capacity 86529K, committed 86608K, reserved 1124352K
  class space    used 10130K, capacity 11397K, committed 11448K, reserved 1048576K
}

